# JRE version: Java(TM) SE Runtime Environment (17.0.12+8) (build 17.0.12+8-LTS-286)
# Java VM: Java HotSpot(TM) 64-Bit Server VM (17.0.12+8-LTS-286, mixed mode, sharing, tiered, compressed oops, compressed class ptrs, g1 gc, windows-amd64)
GC Precious Log:
 CPUs: 4 total, 4 available
 Memory: 3877M
 Large Page Support: Disabled
 NUMA Support: Disabled
 Compressed Oops: Enabled (32-bit)
 Heap Region Size: 1M
 Heap Min Capacity: 8M
 Heap Initial Capacity: 62M
 Heap Max Capacity: 970M
 Pre-touch: Disabled
 Parallel Workers: 4
 Concurrent Workers: 1
 Concurrent Refinement Workers: 4
 Periodic GC: Disabled
Heap:
 garbage-first heap   total 45056K, used 32020K [0x00000000c3600000, 0x0000000100000000)
  region size 1024K, 18 young (18432K), 2 survivors (2048K)
 Metaspace       used 38892K, committed 39424K, reserved 1114112K
  class space    used 4971K, committed 5248K, reserved 1048576K
GC Heap History (18 events):
Event: 12.948 GC heap before
{Heap before GC invocations=0 (full 0):
 garbage-first heap   total 63488K, used 12288K [0x00000000c3600000, 0x0000000100000000)
  region size 1024K, 13 young (13312K), 0 survivors (0K)
 Metaspace       used 3824K, committed 3904K, reserved 1114112K
  class space    used 422K, committed 448K, reserved 1048576K
}
Event: 13.066 GC heap after
{Heap after GC invocations=1 (full 0):
 garbage-first heap   total 63488K, used 4048K [0x00000000c3600000, 0x0000000100000000)
  region size 1024K, 2 young (2048K), 2 survivors (2048K)
 Metaspace       used 3824K, committed 3904K, reserved 1114112K
  class space    used 422K, committed 448K, reserved 1048576K
}
Event: 21.297 GC heap before
{Heap before GC invocations=1 (full 0):
 garbage-first heap   total 63488K, used 17360K [0x00000000c3600000, 0x0000000100000000)
  region size 1024K, 15 young (15360K), 2 survivors (2048K)
 Metaspace       used 6942K, committed 7168K, reserved 1114112K
  class space    used 849K, committed 960K, reserved 1048576K
}
Event: 21.313 GC heap after
{Heap after GC invocations=2 (full 0):
 garbage-first heap   total 63488K, used 5125K [0x00000000c3600000, 0x0000000100000000)
  region size 1024K, 2 young (2048K), 2 survivors (2048K)
 Metaspace       used 6942K, committed 7168K, reserved 1114112K
  class space    used 849K, committed 960K, reserved 1048576K
}
Event: 30.078 GC heap before
{Heap before GC invocations=2 (full 0):
 garbage-first heap   total 63488K, used 27653K [0x00000000c3600000, 0x0000000100000000)
  region size 1024K, 25 young (25600K), 2 survivors (2048K)
 Metaspace       used 12718K, committed 12992K, reserved 1114112K
  class space    used 1537K, committed 1664K, reserved 1048576K
}
Event: 30.095 GC heap after
{Heap after GC invocations=3 (full 0):
 garbage-first heap   total 63488K, used 6792K [0x00000000c3600000, 0x0000000100000000)
  region size 1024K, 3 young (3072K), 3 survivors (3072K)
 Metaspace       used 12718K, committed 12992K, reserved 1114112K
  class space    used 1537K, committed 1664K, reserved 1048576K
}
Event: 52.756 GC heap before
{Heap before GC invocations=3 (full 0):
 garbage-first heap   total 63488K, used 40584K [0x00000000c3600000, 0x0000000100000000)
  region size 1024K, 36 young (36864K), 3 survivors (3072K)
 Metaspace       used 18170K, committed 18496K, reserved 1114112K
  class space    used 2218K, committed 2368K, reserved 1048576K
}
Event: 52.780 GC heap after
{Heap after GC invocations=4 (full 0):
 garbage-first heap   total 63488K, used 9730K [0x00000000c3600000, 0x0000000100000000)
  region size 1024K, 5 young (5120K), 5 survivors (5120K)
 Metaspace       used 18170K, committed 18496K, reserved 1114112K
  class space    used 2218K, committed 2368K, reserved 1048576K
}
Event: 67.410 GC heap before
{Heap before GC invocations=4 (full 0):
 garbage-first heap   total 63488K, used 26114K [0x00000000c3600000, 0x0000000100000000)
  region size 1024K, 23 young (23552K), 5 survivors (5120K)
 Metaspace       used 21210K, committed 21504K, reserved 1114112K
  class space    used 2615K, committed 2752K, reserved 1048576K
}
Event: 67.458 GC heap after
{Heap after GC invocations=5 (full 0):
 garbage-first heap   total 63488K, used 11344K [0x00000000c3600000, 0x0000000100000000)
  region size 1024K, 2 young (2048K), 2 survivors (2048K)
 Metaspace       used 21210K, committed 21504K, reserved 1114112K
  class space    used 2615K, committed 2752K, reserved 1048576K
}
Event: 104.772 GC heap before
{Heap before GC invocations=6 (full 0):
 garbage-first heap   total 45056K, used 35920K [0x00000000c3600000, 0x0000000100000000)
  region size 1024K, 26 young (26624K), 2 survivors (2048K)
 Metaspace       used 26671K, committed 27072K, reserved 1114112K
  class space    used 3352K, committed 3520K, reserved 1048576K
}
Event: 104.856 GC heap after
{Heap after GC invocations=7 (full 0):
 garbage-first heap   total 45056K, used 13296K [0x00000000c3600000, 0x0000000100000000)
  region size 1024K, 4 young (4096K), 4 survivors (4096K)
 Metaspace       used 26671K, committed 27072K, reserved 1114112K
  class space    used 3352K, committed 3520K, reserved 1048576K
}
Event: 111.675 GC heap before
{Heap before GC invocations=7 (full 0):
 garbage-first heap   total 45056K, used 14320K [0x00000000c3600000, 0x0000000100000000)
  region size 1024K, 5 young (5120K), 4 survivors (4096K)
 Metaspace       used 26794K, committed 27136K, reserved 1114112K
  class space    used 3367K, committed 3520K, reserved 1048576K
}
Event: 111.695 GC heap after
{Heap after GC invocations=8 (full 0):
 garbage-first heap   total 45056K, used 13492K [0x00000000c3600000, 0x0000000100000000)
  region size 1024K, 1 young (1024K), 1 survivors (1024K)
 Metaspace       used 26794K, committed 27136K, reserved 1114112K
  class space    used 3367K, committed 3520K, reserved 1048576K
}
Event: 120.077 GC heap before
{Heap before GC invocations=8 (full 0):
 garbage-first heap   total 45056K, used 30900K [0x00000000c3600000, 0x0000000100000000)
  region size 1024K, 19 young (19456K), 1 survivors (1024K)
 Metaspace       used 32361K, committed 32832K, reserved 1114112K
  class space    used 4094K, committed 4352K, reserved 1048576K
}
Event: 120.093 GC heap after
{Heap after GC invocations=9 (full 0):
 garbage-first heap   total 45056K, used 14920K [0x00000000c3600000, 0x0000000100000000)
  region size 1024K, 2 young (2048K), 2 survivors (2048K)
 Metaspace       used 32361K, committed 32832K, reserved 1114112K
  class space    used 4094K, committed 4352K, reserved 1048576K
}
Event: 125.162 GC heap before
{Heap before GC invocations=9 (full 0):
 garbage-first heap   total 45056K, used 24136K [0x00000000c3600000, 0x0000000100000000)
  region size 1024K, 13 young (13312K), 2 survivors (2048K)
 Metaspace       used 35696K, committed 36096K, reserved 1114112K
  class space    used 4535K, committed 4736K, reserved 1048576K
}
Event: 125.360 GC heap after
{Heap after GC invocations=10 (full 0):
 garbage-first heap   total 45056K, used 16660K [0x00000000c3600000, 0x0000000100000000)
  region size 1024K, 2 young (2048K), 2 survivors (2048K)
 Metaspace       used 35696K, committed 36096K, reserved 1114112K
  class space    used 4535K, committed 4736K, reserved 1048576K
}

