# JRE version: Java(TM) SE Runtime Environment (17.0.12+8) (build 17.0.12+8-LTS-286)
# Java VM: Java HotSpot(TM) 64-Bit Server VM (17.0.12+8-LTS-286, mixed mode, sharing, tiered, compressed oops, compressed class ptrs, g1 gc, windows-amd64)
GC Precious Log:
 CPUs: 4 total, 4 available
 Memory: 3877M
 Large Page Support: Disabled
 NUMA Support: Disabled
 Compressed Oops: Enabled (32-bit)
 Heap Region Size: 1M
 Heap Min Capacity: 8M
 Heap Initial Capacity: 62M
 Heap Max Capacity: 970M
 Pre-touch: Disabled
 Parallel Workers: 4
 Concurrent Workers: 1
 Concurrent Refinement Workers: 4
 Periodic GC: Disabled
Heap:
 garbage-first heap   total 45056K, used 21410K [0x00000000c3600000, 0x0000000100000000)
  region size 1024K, 7 young (7168K), 3 survivors (3072K)
 Metaspace       used 38867K, committed 39296K, reserved 1114112K
  class space    used 4969K, committed 5184K, reserved 1048576K
GC Heap History (18 events):
Event: 21.378 GC heap before
{Heap before GC invocations=0 (full 0):
 garbage-first heap   total 63488K, used 12288K [0x00000000c3600000, 0x0000000100000000)
  region size 1024K, 13 young (13312K), 0 survivors (0K)
 Metaspace       used 3794K, committed 3904K, reserved 1114112K
  class space    used 419K, committed 448K, reserved 1048576K
}
Event: 21.536 GC heap after
{Heap after GC invocations=1 (full 0):
 garbage-first heap   total 63488K, used 4112K [0x00000000c3600000, 0x0000000100000000)
  region size 1024K, 2 young (2048K), 2 survivors (2048K)
 Metaspace       used 3794K, committed 3904K, reserved 1114112K
  class space    used 419K, committed 448K, reserved 1048576K
}
Event: 33.810 GC heap before
{Heap before GC invocations=1 (full 0):
 garbage-first heap   total 63488K, used 16400K [0x00000000c3600000, 0x0000000100000000)
  region size 1024K, 14 young (14336K), 2 survivors (2048K)
 Metaspace       used 6774K, committed 6976K, reserved 1114112K
  class space    used 828K, committed 960K, reserved 1048576K
}
Event: 33.825 GC heap after
{Heap after GC invocations=2 (full 0):
 garbage-first heap   total 63488K, used 5243K [0x00000000c3600000, 0x0000000100000000)
  region size 1024K, 1 young (1024K), 1 survivors (1024K)
 Metaspace       used 6774K, committed 6976K, reserved 1114112K
  class space    used 828K, committed 960K, reserved 1048576K
}
Event: 46.509 GC heap before
{Heap before GC invocations=2 (full 0):
 garbage-first heap   total 63488K, used 26747K [0x00000000c3600000, 0x0000000100000000)
  region size 1024K, 22 young (22528K), 1 survivors (1024K)
 Metaspace       used 11928K, committed 12096K, reserved 1114112K
  class space    used 1430K, committed 1536K, reserved 1048576K
}
Event: 46.517 GC heap after
{Heap after GC invocations=3 (full 0):
 garbage-first heap   total 63488K, used 6953K [0x00000000c3600000, 0x0000000100000000)
  region size 1024K, 3 young (3072K), 3 survivors (3072K)
 Metaspace       used 11928K, committed 12096K, reserved 1114112K
  class space    used 1430K, committed 1536K, reserved 1048576K
}
Event: 66.223 GC heap before
{Heap before GC invocations=3 (full 0):
 garbage-first heap   total 63488K, used 40745K [0x00000000c3600000, 0x0000000100000000)
  region size 1024K, 36 young (36864K), 3 survivors (3072K)
 Metaspace       used 17619K, committed 17856K, reserved 1114112K
  class space    used 2156K, committed 2304K, reserved 1048576K
}
Event: 66.251 GC heap after
{Heap after GC invocations=4 (full 0):
 garbage-first heap   total 63488K, used 9863K [0x00000000c3600000, 0x0000000100000000)
  region size 1024K, 5 young (5120K), 5 survivors (5120K)
 Metaspace       used 17619K, committed 17856K, reserved 1114112K
  class space    used 2156K, committed 2304K, reserved 1048576K
}
Event: 88.250 GC heap before
{Heap before GC invocations=4 (full 0):
 garbage-first heap   total 63488K, used 29319K [0x00000000c3600000, 0x0000000100000000)
  region size 1024K, 25 young (25600K), 5 survivors (5120K)
 Metaspace       used 21210K, committed 21504K, reserved 1114112K
  class space    used 2618K, committed 2752K, reserved 1048576K
}
Event: 88.275 GC heap after
{Heap after GC invocations=5 (full 0):
 garbage-first heap   total 63488K, used 11301K [0x00000000c3600000, 0x0000000100000000)
  region size 1024K, 2 young (2048K), 2 survivors (2048K)
 Metaspace       used 21210K, committed 21504K, reserved 1114112K
  class space    used 2618K, committed 2752K, reserved 1048576K
}
Event: 122.116 GC heap before
{Heap before GC invocations=6 (full 0):
 garbage-first heap   total 45056K, used 35877K [0x00000000c3600000, 0x0000000100000000)
  region size 1024K, 26 young (26624K), 2 survivors (2048K)
 Metaspace       used 26651K, committed 27072K, reserved 1114112K
  class space    used 3355K, committed 3584K, reserved 1048576K
}
Event: 122.197 GC heap after
{Heap after GC invocations=7 (full 0):
 garbage-first heap   total 45056K, used 13503K [0x00000000c3600000, 0x0000000100000000)
  region size 1024K, 4 young (4096K), 4 survivors (4096K)
 Metaspace       used 26651K, committed 27072K, reserved 1114112K
  class space    used 3355K, committed 3584K, reserved 1048576K
}
Event: 133.646 GC heap before
{Heap before GC invocations=7 (full 0):
 garbage-first heap   total 45056K, used 31935K [0x00000000c3600000, 0x0000000100000000)
  region size 1024K, 22 young (22528K), 4 survivors (4096K)
 Metaspace       used 32388K, committed 32768K, reserved 1114112K
  class space    used 4104K, committed 4288K, reserved 1048576K
}
Event: 133.664 GC heap after
{Heap after GC invocations=8 (full 0):
 garbage-first heap   total 45056K, used 15309K [0x00000000c3600000, 0x0000000100000000)
  region size 1024K, 3 young (3072K), 3 survivors (3072K)
 Metaspace       used 32388K, committed 32768K, reserved 1114112K
  class space    used 4104K, committed 4288K, reserved 1048576K
}
Event: 135.088 GC heap before
{Heap before GC invocations=8 (full 0):
 garbage-first heap   total 45056K, used 22477K [0x00000000c3600000, 0x0000000100000000)
  region size 1024K, 12 young (12288K), 3 survivors (3072K)
 Metaspace       used 35509K, committed 35968K, reserved 1114112K
  class space    used 4507K, committed 4736K, reserved 1048576K
}
Event: 135.099 GC heap after
{Heap after GC invocations=9 (full 0):
 garbage-first heap   total 45056K, used 16886K [0x00000000c3600000, 0x0000000100000000)
  region size 1024K, 2 young (2048K), 2 survivors (2048K)
 Metaspace       used 35509K, committed 35968K, reserved 1114112K
  class space    used 4507K, committed 4736K, reserved 1048576K
}
Event: 144.496 GC heap before
{Heap before GC invocations=10 (full 0):
 garbage-first heap   total 45056K, used 31222K [0x00000000c3600000, 0x0000000100000000)
  region size 1024K, 17 young (17408K), 2 survivors (2048K)
 Metaspace       used 38336K, committed 38784K, reserved 1114112K
  class space    used 4888K, committed 5120K, reserved 1048576K
}
Event: 144.554 GC heap after
{Heap after GC invocations=11 (full 0):
 garbage-first heap   total 45056K, used 18338K [0x00000000c3600000, 0x0000000100000000)
  region size 1024K, 3 young (3072K), 3 survivors (3072K)
 Metaspace       used 38336K, committed 38784K, reserved 1114112K
  class space    used 4888K, committed 5120K, reserved 1048576K
}

